<?xml version="1.0" encoding="UTF-8"?>
<!-- Generated by org.testng.reporters.JUnitReportReporter -->
<testsuite hostname="ATMECSBLRLT-030" failures="0" tests="1" name="com.atmecs.testscripts.ChatClass" time="17.095" errors="0" timestamp="29 Sep 2020 01:44:30 GMT" skipped="0">
  <testcase classname="com.atmecs.testscripts.ChatClass" name="startChat" time="17.095"/>
</testsuite> <!-- com.atmecs.testscripts.ChatClass -->
