<?xml version="1.0" encoding="UTF-8"?>
<!-- Generated by org.testng.reporters.JUnitReportReporter -->
<testsuite hostname="ATMECSBLRLT-030" failures="0" tests="1" name="com.atmecs.testdata.XlsReader" time="0.599" errors="0" timestamp="28 Sep 2020 20:02:03 GMT" skipped="0">
  <testcase classname="com.atmecs.testdata.XlsReader" name="readData" time="0.599"/>
</testsuite> <!-- com.atmecs.testdata.XlsReader -->
