<?xml version="1.0" encoding="UTF-8"?>
<!-- Generated by org.testng.reporters.JUnitReportReporter -->
<testsuite hostname="ATMECSBLRLT-030" failures="0" tests="2" name="com.atmecs.testscripts.ChatClass" time="65.086" errors="0" timestamp="06 Oct 2020 08:34:32 GMT" skipped="0">
  <testcase classname="com.atmecs.testscripts.ChatClass" name="startChat" time="23.857"/>
  <testcase classname="com.atmecs.testscripts.ChatClass" name="startChat" time="41.229"/>
</testsuite> <!-- com.atmecs.testscripts.ChatClass -->
