<?xml version="1.0" encoding="UTF-8"?>
<!-- Generated by org.testng.reporters.JUnitReportReporter -->
<testsuite hostname="ATMECSBLRLT-030" failures="0" tests="1" name="com.atmecs.testpackage.TestClass" time="0.026" errors="0" timestamp="28 Sep 2020 15:33:10 GMT" skipped="0">
  <testcase classname="com.atmecs.testpackage.TestClass" name="Test" time="0.026"/>
</testsuite> <!-- com.atmecs.testpackage.TestClass -->
